<?xml version="1.0" encoding="UTF-8"?>
<!-- Generated by org.testng.reporters.JUnitXMLReporter -->
<testsuite ignored="0" hostname="SaiBalaji" failures="0" tests="2" name="Default test" time="543.774" errors="0" timestamp="2023-12-05T09:32:06 IST">
  <testcase classname="InfraStructureServices_testCases.JIRA_SSOLogin" name="Login" time="37.49"/>
  <testcase classname="SmokeTesting_Automation.Application_And_Account_Services" name="AppAccServices" time="416.407"/>
</testsuite> <!-- Default test -->
