<?xml version="1.0" encoding="UTF-8"?>
<testng-results ignored="0" total="2" passed="2" failed="0" skipped="0">
  <reporter-output>
  </reporter-output>
  <suite started-at="2023-12-05T09:23:03 IST" name="Default suite" finished-at="2023-12-05T09:32:06 IST" duration-ms="543774">
    <groups>
    </groups>
    <test started-at="2023-12-05T09:23:03 IST" name="Default test" finished-at="2023-12-05T09:32:06 IST" duration-ms="543774">
      <class name="SmokeTesting_Automation.Application_And_Account_Services">
        <test-method is-config="true" signature="setup()[pri:0, instance:SmokeTesting_Automation.Application_And_Account_Services@5524cca1]" started-at="2023-12-05T09:23:03 IST" name="setup" finished-at="2023-12-05T09:24:33 IST" duration-ms="89791" status="PASS">
          <reporter-output>
          </reporter-output>
        </test-method> <!-- setup -->
        <test-method signature="Login()[pri:1, instance:SmokeTesting_Automation.Application_And_Account_Services@5524cca1]" started-at="2023-12-05T09:24:33 IST" name="Login" finished-at="2023-12-05T09:25:10 IST" duration-ms="37490" status="PASS">
          <reporter-output>
          </reporter-output>
        </test-method> <!-- Login -->
        <test-method signature="AppAccServices()[pri:2, instance:SmokeTesting_Automation.Application_And_Account_Services@5524cca1]" started-at="2023-12-05T09:25:10 IST" name="AppAccServices" finished-at="2023-12-05T09:32:06 IST" duration-ms="416407" status="PASS">
          <reporter-output>
          </reporter-output>
        </test-method> <!-- AppAccServices -->
      </class> <!-- SmokeTesting_Automation.Application_And_Account_Services -->
    </test> <!-- Default test -->
  </suite> <!-- Default suite -->
</testng-results>
